<?xml version="1.0" encoding="UTF-8"?>
<testsuite name="com.schooldevops.springbatch.batchsample.BatchSampleApplicationTests" tests="1" skipped="0" failures="0" errors="0" timestamp="2024-03-08T05:51:56" hostname="GLW4XPMQ2X" time="0.44">
  <properties/>
  <testcase name="contextLoads()" classname="com.schooldevops.springbatch.batchsample.BatchSampleApplicationTests" time="0.44"/>
  <system-out><![CDATA[14:51:54.279 [Test worker] INFO org.springframework.test.context.support.AnnotationConfigContextLoaderUtils -- Could not detect default configuration classes for test class [com.schooldevops.springbatch.batchsample.BatchSampleApplicationTests]: BatchSampleApplicationTests does not declare any static, non-private, non-final, nested classes annotated with @Configuration.
14:51:54.332 [Test worker] INFO org.springframework.boot.test.context.SpringBootTestContextBootstrapper -- Found @SpringBootConfiguration com.schooldevops.springbatch.batchsample.BatchSampleApplication for test class com.schooldevops.springbatch.batchsample.BatchSampleApplicationTests

  .   ____          _            __ _ _
 /\\ / ___'_ __ _ _(_)_ __  __ _ \ \ \ \
( ( )\___ | '_ | '_| | '_ \/ _` | \ \ \ \
 \\/  ___)| |_)| | | | | || (_| |  ) ) ) )
  '  |____| .__|_| |_|_| |_\__, | / / / /
 =========|_|==============|___/=/_/_/_/
 :: Spring Boot ::                (v3.2.2)

2024-03-08T14:51:54.525+09:00  INFO 4914 --- [    Test worker] c.s.s.b.BatchSampleApplicationTests      : Starting BatchSampleApplicationTests using Java 17.0.10 with PID 4914 (started by 1111489 in /Users/1111489/Documents/06.PROGRAMMING_COURSES/Spring-Batch/06.04.QuerydslPagingItemReaderSample)
2024-03-08T14:51:54.526+09:00  INFO 4914 --- [    Test worker] c.s.s.b.BatchSampleApplicationTests      : No active profile set, falling back to 1 default profile: "default"
2024-03-08T14:51:54.741+09:00  INFO 4914 --- [    Test worker] .s.d.r.c.RepositoryConfigurationDelegate : Bootstrapping Spring Data JPA repositories in DEFAULT mode.
2024-03-08T14:51:54.765+09:00  INFO 4914 --- [    Test worker] .s.d.r.c.RepositoryConfigurationDelegate : Finished Spring Data repository scanning in 21 ms. Found 0 JPA repository interfaces.
2024-03-08T14:51:54.866+09:00  WARN 4914 --- [    Test worker] trationDelegate$BeanPostProcessorChecker : Bean 'org.springframework.boot.autoconfigure.jdbc.DataSourceConfiguration$Hikari' of type [org.springframework.boot.autoconfigure.jdbc.DataSourceConfiguration$Hikari] is not eligible for getting processed by all BeanPostProcessors (for example: not eligible for auto-proxying). Is this bean getting eagerly injected into a currently created BeanPostProcessor [jobRegistryBeanPostProcessor]? Check the corresponding BeanPostProcessor declaration and its dependencies.
2024-03-08T14:51:54.874+09:00  WARN 4914 --- [    Test worker] trationDelegate$BeanPostProcessorChecker : Bean 'spring.datasource-org.springframework.boot.autoconfigure.jdbc.DataSourceProperties' of type [org.springframework.boot.autoconfigure.jdbc.DataSourceProperties] is not eligible for getting processed by all BeanPostProcessors (for example: not eligible for auto-proxying). Is this bean getting eagerly injected into a currently created BeanPostProcessor [jobRegistryBeanPostProcessor]? Check the corresponding BeanPostProcessor declaration and its dependencies.
2024-03-08T14:51:54.876+09:00  WARN 4914 --- [    Test worker] trationDelegate$BeanPostProcessorChecker : Bean 'org.springframework.boot.autoconfigure.jdbc.DataSourceAutoConfiguration$PooledDataSourceConfiguration' of type [org.springframework.boot.autoconfigure.jdbc.DataSourceAutoConfiguration$PooledDataSourceConfiguration] is not eligible for getting processed by all BeanPostProcessors (for example: not eligible for auto-proxying). Is this bean getting eagerly injected into a currently created BeanPostProcessor [jobRegistryBeanPostProcessor]? Check the corresponding BeanPostProcessor declaration and its dependencies.
2024-03-08T14:51:54.876+09:00  WARN 4914 --- [    Test worker] trationDelegate$BeanPostProcessorChecker : Bean 'jdbcConnectionDetails' of type [org.springframework.boot.autoconfigure.jdbc.PropertiesJdbcConnectionDetails] is not eligible for getting processed by all BeanPostProcessors (for example: not eligible for auto-proxying). Is this bean getting eagerly injected into a currently created BeanPostProcessor [jobRegistryBeanPostProcessor]? Check the corresponding BeanPostProcessor declaration and its dependencies.
2024-03-08T14:51:54.887+09:00  WARN 4914 --- [    Test worker] trationDelegate$BeanPostProcessorChecker : Bean 'dataSource' of type [com.zaxxer.hikari.HikariDataSource] is not eligible for getting processed by all BeanPostProcessors (for example: not eligible for auto-proxying). Is this bean getting eagerly injected into a currently created BeanPostProcessor [jobRegistryBeanPostProcessor]? Check the corresponding BeanPostProcessor declaration and its dependencies.
2024-03-08T14:51:54.892+09:00  WARN 4914 --- [    Test worker] trationDelegate$BeanPostProcessorChecker : Bean 'spring.jpa-org.springframework.boot.autoconfigure.orm.jpa.JpaProperties' of type [org.springframework.boot.autoconfigure.orm.jpa.JpaProperties] is not eligible for getting processed by all BeanPostProcessors (for example: not eligible for auto-proxying). Is this bean getting eagerly injected into a currently created BeanPostProcessor [jobRegistryBeanPostProcessor]? Check the corresponding BeanPostProcessor declaration and its dependencies.
2024-03-08T14:51:54.894+09:00  WARN 4914 --- [    Test worker] trationDelegate$BeanPostProcessorChecker : Bean 'spring.jpa.hibernate-org.springframework.boot.autoconfigure.orm.jpa.HibernateProperties' of type [org.springframework.boot.autoconfigure.orm.jpa.HibernateProperties] is not eligible for getting processed by all BeanPostProcessors (for example: not eligible for auto-proxying). Is this bean getting eagerly injected into a currently created BeanPostProcessor [jobRegistryBeanPostProcessor]? Check the corresponding BeanPostProcessor declaration and its dependencies.
2024-03-08T14:51:54.895+09:00  WARN 4914 --- [    Test worker] trationDelegate$BeanPostProcessorChecker : Bean 'org.springframework.boot.autoconfigure.jdbc.metadata.DataSourcePoolMetadataProvidersConfiguration$HikariPoolDataSourceMetadataProviderConfiguration' of type [org.springframework.boot.autoconfigure.jdbc.metadata.DataSourcePoolMetadataProvidersConfiguration$HikariPoolDataSourceMetadataProviderConfiguration] is not eligible for getting processed by all BeanPostProcessors (for example: not eligible for auto-proxying). Is this bean getting eagerly injected into a currently created BeanPostProcessor [jobRegistryBeanPostProcessor]? Check the corresponding BeanPostProcessor declaration and its dependencies.
2024-03-08T14:51:54.896+09:00  WARN 4914 --- [    Test worker] trationDelegate$BeanPostProcessorChecker : Bean 'hikariPoolDataSourceMetadataProvider' of type [org.springframework.boot.autoconfigure.jdbc.metadata.DataSourcePoolMetadataProvidersConfiguration$HikariPoolDataSourceMetadataProviderConfiguration$$Lambda$816/0x000000f00137b8a0] is not eligible for getting processed by all BeanPostProcessors (for example: not eligible for auto-proxying). Is this bean getting eagerly injected into a currently created BeanPostProcessor [jobRegistryBeanPostProcessor]? Check the corresponding BeanPostProcessor declaration and its dependencies.
2024-03-08T14:51:54.897+09:00  WARN 4914 --- [    Test worker] trationDelegate$BeanPostProcessorChecker : Bean 'org.springframework.boot.autoconfigure.orm.jpa.HibernateJpaConfiguration' of type [org.springframework.boot.autoconfigure.orm.jpa.HibernateJpaConfiguration] is not eligible for getting processed by all BeanPostProcessors (for example: not eligible for auto-proxying). Is this bean getting eagerly injected into a currently created BeanPostProcessor [jobRegistryBeanPostProcessor]? Check the corresponding BeanPostProcessor declaration and its dependencies.
2024-03-08T14:51:54.900+09:00  WARN 4914 --- [    Test worker] trationDelegate$BeanPostProcessorChecker : Bean 'org.springframework.boot.autoconfigure.transaction.TransactionManagerCustomizationAutoConfiguration' of type [org.springframework.boot.autoconfigure.transaction.TransactionManagerCustomizationAutoConfiguration] is not eligible for getting processed by all BeanPostProcessors (for example: not eligible for auto-proxying). Is this bean getting eagerly injected into a currently created BeanPostProcessor [jobRegistryBeanPostProcessor]? Check the corresponding BeanPostProcessor declaration and its dependencies.
2024-03-08T14:51:54.902+09:00  WARN 4914 --- [    Test worker] trationDelegate$BeanPostProcessorChecker : Bean 'transactionExecutionListeners' of type [org.springframework.boot.autoconfigure.transaction.ExecutionListenersTransactionManagerCustomizer] is not eligible for getting processed by all BeanPostProcessors (for example: not eligible for auto-proxying). Is this bean getting eagerly injected into a currently created BeanPostProcessor [jobRegistryBeanPostProcessor]? Check the corresponding BeanPostProcessor declaration and its dependencies.
2024-03-08T14:51:54.904+09:00  WARN 4914 --- [    Test worker] trationDelegate$BeanPostProcessorChecker : Bean 'spring.transaction-org.springframework.boot.autoconfigure.transaction.TransactionProperties' of type [org.springframework.boot.autoconfigure.transaction.TransactionProperties] is not eligible for getting processed by all BeanPostProcessors (for example: not eligible for auto-proxying). Is this bean getting eagerly injected into a currently created BeanPostProcessor [jobRegistryBeanPostProcessor]? Check the corresponding BeanPostProcessor declaration and its dependencies.
2024-03-08T14:51:54.905+09:00  WARN 4914 --- [    Test worker] trationDelegate$BeanPostProcessorChecker : Bean 'platformTransactionManagerCustomizers' of type [org.springframework.boot.autoconfigure.transaction.TransactionManagerCustomizers] is not eligible for getting processed by all BeanPostProcessors (for example: not eligible for auto-proxying). Is this bean getting eagerly injected into a currently created BeanPostProcessor [jobRegistryBeanPostProcessor]? Check the corresponding BeanPostProcessor declaration and its dependencies.
2024-03-08T14:51:54.912+09:00  WARN 4914 --- [    Test worker] trationDelegate$BeanPostProcessorChecker : Bean 'org.springframework.boot.autoconfigure.sql.init.DataSourceInitializationConfiguration' of type [org.springframework.boot.autoconfigure.sql.init.DataSourceInitializationConfiguration] is not eligible for getting processed by all BeanPostProcessors (for example: not eligible for auto-proxying). Is this bean getting eagerly injected into a currently created BeanPostProcessor [jobRegistryBeanPostProcessor]? Check the corresponding BeanPostProcessor declaration and its dependencies.
2024-03-08T14:51:54.915+09:00  WARN 4914 --- [    Test worker] trationDelegate$BeanPostProcessorChecker : Bean 'spring.sql.init-org.springframework.boot.autoconfigure.sql.init.SqlInitializationProperties' of type [org.springframework.boot.autoconfigure.sql.init.SqlInitializationProperties] is not eligible for getting processed by all BeanPostProcessors (for example: not eligible for auto-proxying). Is this bean getting eagerly injected into a currently created BeanPostProcessor [jobRegistryBeanPostProcessor]? Check the corresponding BeanPostProcessor declaration and its dependencies.
2024-03-08T14:51:54.917+09:00  WARN 4914 --- [    Test worker] trationDelegate$BeanPostProcessorChecker : Bean 'dataSourceScriptDatabaseInitializer' of type [org.springframework.boot.autoconfigure.sql.init.SqlDataSourceScriptDatabaseInitializer] is not eligible for getting processed by all BeanPostProcessors (for example: not eligible for auto-proxying). Is this bean getting eagerly injected into a currently created BeanPostProcessor [jobRegistryBeanPostProcessor]? Check the corresponding BeanPostProcessor declaration and its dependencies.
2024-03-08T14:51:54.917+09:00  WARN 4914 --- [    Test worker] trationDelegate$BeanPostProcessorChecker : Bean 'org.springframework.boot.autoconfigure.batch.BatchAutoConfiguration$DataSourceInitializerConfiguration' of type [org.springframework.boot.autoconfigure.batch.BatchAutoConfiguration$DataSourceInitializerConfiguration] is not eligible for getting processed by all BeanPostProcessors (for example: not eligible for auto-proxying). Is this bean getting eagerly injected into a currently created BeanPostProcessor [jobRegistryBeanPostProcessor]? Check the corresponding BeanPostProcessor declaration and its dependencies.
2024-03-08T14:51:54.919+09:00  WARN 4914 --- [    Test worker] trationDelegate$BeanPostProcessorChecker : Bean 'spring.batch-org.springframework.boot.autoconfigure.batch.BatchProperties' of type [org.springframework.boot.autoconfigure.batch.BatchProperties] is not eligible for getting processed by all BeanPostProcessors (for example: not eligible for auto-proxying). Is this bean getting eagerly injected into a currently created BeanPostProcessor [jobRegistryBeanPostProcessor]? Check the corresponding BeanPostProcessor declaration and its dependencies.
2024-03-08T14:51:54.923+09:00  INFO 4914 --- [    Test worker] com.zaxxer.hikari.HikariDataSource       : HikariPool-1 - Starting...
2024-03-08T14:51:55.327+09:00  INFO 4914 --- [    Test worker] com.zaxxer.hikari.pool.HikariPool        : HikariPool-1 - Added connection com.mysql.cj.jdbc.ConnectionImpl@73e776b7
2024-03-08T14:51:55.328+09:00  INFO 4914 --- [    Test worker] com.zaxxer.hikari.HikariDataSource       : HikariPool-1 - Start completed.
2024-03-08T14:51:55.338+09:00  WARN 4914 --- [    Test worker] trationDelegate$BeanPostProcessorChecker : Bean 'batchDataSourceInitializer' of type [org.springframework.boot.autoconfigure.batch.BatchDataSourceScriptDatabaseInitializer] is not eligible for getting processed by all BeanPostProcessors (for example: not eligible for auto-proxying). Is this bean getting eagerly injected into a currently created BeanPostProcessor [jobRegistryBeanPostProcessor]? Check the corresponding BeanPostProcessor declaration and its dependencies.
2024-03-08T14:51:55.343+09:00  WARN 4914 --- [    Test worker] trationDelegate$BeanPostProcessorChecker : Bean 'jpaVendorAdapter' of type [org.springframework.orm.jpa.vendor.HibernateJpaVendorAdapter] is not eligible for getting processed by all BeanPostProcessors (for example: not eligible for auto-proxying). Is this bean getting eagerly injected into a currently created BeanPostProcessor [jobRegistryBeanPostProcessor]? Check the corresponding BeanPostProcessor declaration and its dependencies.
2024-03-08T14:51:55.344+09:00  WARN 4914 --- [    Test worker] trationDelegate$BeanPostProcessorChecker : Bean 'entityManagerFactoryBuilder' of type [org.springframework.boot.orm.jpa.EntityManagerFactoryBuilder] is not eligible for getting processed by all BeanPostProcessors (for example: not eligible for auto-proxying). Is this bean getting eagerly injected into a currently created BeanPostProcessor [jobRegistryBeanPostProcessor]? Check the corresponding BeanPostProcessor declaration and its dependencies.
2024-03-08T14:51:55.371+09:00  WARN 4914 --- [    Test worker] trationDelegate$BeanPostProcessorChecker : Bean 'persistenceManagedTypes' of type [org.springframework.orm.jpa.persistenceunit.SimplePersistenceManagedTypes] is not eligible for getting processed by all BeanPostProcessors (for example: not eligible for auto-proxying). Is this bean getting eagerly injected into a currently created BeanPostProcessor [jobRegistryBeanPostProcessor]? Check the corresponding BeanPostProcessor declaration and its dependencies.
2024-03-08T14:51:55.383+09:00  INFO 4914 --- [    Test worker] o.hibernate.jpa.internal.util.LogHelper  : HHH000204: Processing PersistenceUnitInfo [name: default]
2024-03-08T14:51:55.405+09:00  INFO 4914 --- [    Test worker] org.hibernate.Version                    : HHH000412: Hibernate ORM core version 6.4.1.Final
2024-03-08T14:51:55.420+09:00  INFO 4914 --- [    Test worker] o.h.c.internal.RegionFactoryInitiator    : HHH000026: Second-level cache disabled
2024-03-08T14:51:55.449+09:00 DEBUG 4914 --- [    Test worker] org.hibernate.type.BasicTypeRegistry     : Adding type registration boolean -> org.hibernate.type.BasicTypeReference@53d30d23
2024-03-08T14:51:55.449+09:00 DEBUG 4914 --- [    Test worker] org.hibernate.type.BasicTypeRegistry     : Adding type registration boolean -> org.hibernate.type.BasicTypeReference@53d30d23
2024-03-08T14:51:55.449+09:00 DEBUG 4914 --- [    Test worker] org.hibernate.type.BasicTypeRegistry     : Adding type registration java.lang.Boolean -> org.hibernate.type.BasicTypeReference@53d30d23
2024-03-08T14:51:55.449+09:00 DEBUG 4914 --- [    Test worker] org.hibernate.type.BasicTypeRegistry     : Adding type registration numeric_boolean -> org.hibernate.type.BasicTypeReference@44faa4f2
2024-03-08T14:51:55.449+09:00 DEBUG 4914 --- [    Test worker] org.hibernate.type.BasicTypeRegistry     : Adding type registration org.hibernate.type.NumericBooleanConverter -> org.hibernate.type.BasicTypeReference@44faa4f2
2024-03-08T14:51:55.450+09:00 DEBUG 4914 --- [    Test worker] org.hibernate.type.BasicTypeRegistry     : Adding type registration true_false -> org.hibernate.type.BasicTypeReference@6793f752
2024-03-08T14:51:55.450+09:00 DEBUG 4914 --- [    Test worker] org.hibernate.type.BasicTypeRegistry     : Adding type registration org.hibernate.type.TrueFalseConverter -> org.hibernate.type.BasicTypeReference@6793f752
2024-03-08T14:51:55.450+09:00 DEBUG 4914 --- [    Test worker] org.hibernate.type.BasicTypeRegistry     : Adding type registration yes_no -> org.hibernate.type.BasicTypeReference@1216eb3f
2024-03-08T14:51:55.450+09:00 DEBUG 4914 --- [    Test worker] org.hibernate.type.BasicTypeRegistry     : Adding type registration org.hibernate.type.YesNoConverter -> org.hibernate.type.BasicTypeReference@1216eb3f
2024-03-08T14:51:55.450+09:00 DEBUG 4914 --- [    Test worker] org.hibernate.type.BasicTypeRegistry     : Adding type registration byte -> org.hibernate.type.BasicTypeReference@59e7564b
2024-03-08T14:51:55.450+09:00 DEBUG 4914 --- [    Test worker] org.hibernate.type.BasicTypeRegistry     : Adding type registration byte -> org.hibernate.type.BasicTypeReference@59e7564b
2024-03-08T14:51:55.450+09:00 DEBUG 4914 --- [    Test worker] org.hibernate.type.BasicTypeRegistry     : Adding type registration java.lang.Byte -> org.hibernate.type.BasicTypeReference@59e7564b
2024-03-08T14:51:55.450+09:00 DEBUG 4914 --- [    Test worker] org.hibernate.type.BasicTypeRegistry     : Adding type registration binary -> org.hibernate.type.BasicTypeReference@482ba4b1
2024-03-08T14:51:55.450+09:00 DEBUG 4914 --- [    Test worker] org.hibernate.type.BasicTypeRegistry     : Adding type registration byte[] -> org.hibernate.type.BasicTypeReference@482ba4b1
2024-03-08T14:51:55.450+09:00 DEBUG 4914 --- [    Test worker] org.hibernate.type.BasicTypeRegistry     : Adding type registration [B -> org.hibernate.type.BasicTypeReference@482ba4b1
2024-03-08T14:51:55.450+09:00 DEBUG 4914 --- [    Test worker] org.hibernate.type.BasicTypeRegistry     : Adding type registration binary_wrapper -> org.hibernate.type.BasicTypeReference@76a6f045
2024-03-08T14:51:55.450+09:00 DEBUG 4914 --- [    Test worker] org.hibernate.type.BasicTypeRegistry     : Adding type registration wrapper-binary -> org.hibernate.type.BasicTypeReference@76a6f045
2024-03-08T14:51:55.450+09:00 DEBUG 4914 --- [    Test worker] org.hibernate.type.BasicTypeRegistry     : Adding type registration image -> org.hibernate.type.BasicTypeReference@633ddc0c
2024-03-08T14:51:55.450+09:00 DEBUG 4914 --- [    Test worker] org.hibernate.type.BasicTypeRegistry     : Adding type registration blob -> org.hibernate.type.BasicTypeReference@4bcdd11
2024-03-08T14:51:55.450+09:00 DEBUG 4914 --- [    Test worker] org.hibernate.type.BasicTypeRegistry     : Adding type registration java.sql.Blob -> org.hibernate.type.BasicTypeReference@4bcdd11
2024-03-08T14:51:55.450+09:00 DEBUG 4914 --- [    Test worker] org.hibernate.type.BasicTypeRegistry     : Adding type registration materialized_blob -> org.hibernate.type.BasicTypeReference@1471b98d
2024-03-08T14:51:55.450+09:00 DEBUG 4914 --- [    Test worker] org.hibernate.type.BasicTypeRegistry     : Adding type registration materialized_blob_wrapper -> org.hibernate.type.BasicTypeReference@5514579e
2024-03-08T14:51:55.450+09:00 DEBUG 4914 --- [    Test worker] org.hibernate.type.BasicTypeRegistry     : Adding type registration short -> org.hibernate.type.BasicTypeReference@58c42c8c
2024-03-08T14:51:55.451+09:00 DEBUG 4914 --- [    Test worker] org.hibernate.type.BasicTypeRegistry     : Adding type registration short -> org.hibernate.type.BasicTypeReference@58c42c8c
2024-03-08T14:51:55.451+09:00 DEBUG 4914 --- [    Test worker] org.hibernate.type.BasicTypeRegistry     : Adding type registration java.lang.Short -> org.hibernate.type.BasicTypeReference@58c42c8c
2024-03-08T14:51:55.451+09:00 DEBUG 4914 --- [    Test worker] org.hibernate.type.BasicTypeRegistry     : Adding type registration integer -> org.hibernate.type.BasicTypeReference@3af236d0
2024-03-08T14:51:55.451+09:00 DEBUG 4914 --- [    Test worker] org.hibernate.type.BasicTypeRegistry     : Adding type registration int -> org.hibernate.type.BasicTypeReference@3af236d0
2024-03-08T14:51:55.451+09:00 DEBUG 4914 --- [    Test worker] org.hibernate.type.BasicTypeRegistry     : Adding type registration java.lang.Integer -> org.hibernate.type.BasicTypeReference@3af236d0
2024-03-08T14:51:55.451+09:00 DEBUG 4914 --- [    Test worker] org.hibernate.type.BasicTypeRegistry     : Adding type registration long -> org.hibernate.type.BasicTypeReference@23564dd2
2024-03-08T14:51:55.451+09:00 DEBUG 4914 --- [    Test worker] org.hibernate.type.BasicTypeRegistry     : Adding type registration long -> org.hibernate.type.BasicTypeReference@23564dd2
2024-03-08T14:51:55.451+09:00 DEBUG 4914 --- [    Test worker] org.hibernate.type.BasicTypeRegistry     : Adding type registration java.lang.Long -> org.hibernate.type.BasicTypeReference@23564dd2
2024-03-08T14:51:55.451+09:00 DEBUG 4914 --- [    Test worker] org.hibernate.type.BasicTypeRegistry     : Adding type registration float -> org.hibernate.type.BasicTypeReference@54895681
2024-03-08T14:51:55.451+09:00 DEBUG 4914 --- [    Test worker] org.hibernate.type.BasicTypeRegistry     : Adding type registration float -> org.hibernate.type.BasicTypeReference@54895681
2024-03-08T14:51:55.451+09:00 DEBUG 4914 --- [    Test worker] org.hibernate.type.BasicTypeRegistry     : Adding type registration java.lang.Float -> org.hibernate.type.BasicTypeReference@54895681
2024-03-08T14:51:55.451+09:00 DEBUG 4914 --- [    Test worker] org.hibernate.type.BasicTypeRegistry     : Adding type registration double -> org.hibernate.type.BasicTypeReference@2dd0a0d0
2024-03-08T14:51:55.451+09:00 DEBUG 4914 --- [    Test worker] org.hibernate.type.BasicTypeRegistry     : Adding type registration double -> org.hibernate.type.BasicTypeReference@2dd0a0d0
2024-03-08T14:51:55.451+09:00 DEBUG 4914 --- [    Test worker] org.hibernate.type.BasicTypeRegistry     : Adding type registration java.lang.Double -> org.hibernate.type.BasicTypeReference@2dd0a0d0
2024-03-08T14:51:55.451+09:00 DEBUG 4914 --- [    Test worker] org.hibernate.type.BasicTypeRegistry     : Adding type registration big_integer -> org.hibernate.type.BasicTypeReference@6bf570c
2024-03-08T14:51:55.451+09:00 DEBUG 4914 --- [    Test worker] org.hibernate.type.BasicTypeRegistry     : Adding type registration java.math.BigInteger -> org.hibernate.type.BasicTypeReference@6bf570c
2024-03-08T14:51:55.451+09:00 DEBUG 4914 --- [    Test worker] org.hibernate.type.BasicTypeRegistry     : Adding type registration big_decimal -> org.hibernate.type.BasicTypeReference@1796b2d4
2024-03-08T14:51:55.451+09:00 DEBUG 4914 --- [    Test worker] org.hibernate.type.BasicTypeRegistry     : Adding type registration java.math.BigDecimal -> org.hibernate.type.BasicTypeReference@1796b2d4
2024-03-08T14:51:55.451+09:00 DEBUG 4914 --- [    Test worker] org.hibernate.type.BasicTypeRegistry     : Adding type registration character -> org.hibernate.type.BasicTypeReference@935d3f9
2024-03-08T14:51:55.451+09:00 DEBUG 4914 --- [    Test worker] org.hibernate.type.BasicTypeRegistry     : Adding type registration char -> org.hibernate.type.BasicTypeReference@935d3f9
2024-03-08T14:51:55.451+09:00 DEBUG 4914 --- [    Test worker] org.hibernate.type.BasicTypeRegistry     : Adding type registration java.lang.Character -> org.hibernate.type.BasicTypeReference@935d3f9
2024-03-08T14:51:55.451+09:00 DEBUG 4914 --- [    Test worker] org.hibernate.type.BasicTypeRegistry     : Adding type registration character_nchar -> org.hibernate.type.BasicTypeReference@214b342f
2024-03-08T14:51:55.452+09:00 DEBUG 4914 --- [    Test worker] org.hibernate.type.BasicTypeRegistry     : Adding type registration string -> org.hibernate.type.BasicTypeReference@5db0003d
2024-03-08T14:51:55.452+09:00 DEBUG 4914 --- [    Test worker] org.hibernate.type.BasicTypeRegistry     : Adding type registration java.lang.String -> org.hibernate.type.BasicTypeReference@5db0003d
2024-03-08T14:51:55.452+09:00 DEBUG 4914 --- [    Test worker] org.hibernate.type.BasicTypeRegistry     : Adding type registration nstring -> org.hibernate.type.BasicTypeReference@7f12094d
2024-03-08T14:51:55.452+09:00 DEBUG 4914 --- [    Test worker] org.hibernate.type.BasicTypeRegistry     : Adding type registration characters -> org.hibernate.type.BasicTypeReference@589fb74d
2024-03-08T14:51:55.452+09:00 DEBUG 4914 --- [    Test worker] org.hibernate.type.BasicTypeRegistry     : Adding type registration char[] -> org.hibernate.type.BasicTypeReference@589fb74d
2024-03-08T14:51:55.452+09:00 DEBUG 4914 --- [    Test worker] org.hibernate.type.BasicTypeRegistry     : Adding type registration [C -> org.hibernate.type.BasicTypeReference@589fb74d
2024-03-08T14:51:55.452+09:00 DEBUG 4914 --- [    Test worker] org.hibernate.type.BasicTypeRegistry     : Adding type registration wrapper-characters -> org.hibernate.type.BasicTypeReference@200d1a3d
2024-03-08T14:51:55.452+09:00 DEBUG 4914 --- [    Test worker] org.hibernate.type.BasicTypeRegistry     : Adding type registration text -> org.hibernate.type.BasicTypeReference@7de147e9
2024-03-08T14:51:55.452+09:00 DEBUG 4914 --- [    Test worker] org.hibernate.type.BasicTypeRegistry     : Adding type registration ntext -> org.hibernate.type.BasicTypeReference@12567179
2024-03-08T14:51:55.452+09:00 DEBUG 4914 --- [    Test worker] org.hibernate.type.BasicTypeRegistry     : Adding type registration clob -> org.hibernate.type.BasicTypeReference@37d699a1
2024-03-08T14:51:55.452+09:00 DEBUG 4914 --- [    Test worker] org.hibernate.type.BasicTypeRegistry     : Adding type registration java.sql.Clob -> org.hibernate.type.BasicTypeReference@37d699a1
2024-03-08T14:51:55.452+09:00 DEBUG 4914 --- [    Test worker] org.hibernate.type.BasicTypeRegistry     : Adding type registration nclob -> org.hibernate.type.BasicTypeReference@7f42b194
2024-03-08T14:51:55.452+09:00 DEBUG 4914 --- [    Test worker] org.hibernate.type.BasicTypeRegistry     : Adding type registration java.sql.NClob -> org.hibernate.type.BasicTypeReference@7f42b194
2024-03-08T14:51:55.452+09:00 DEBUG 4914 --- [    Test worker] org.hibernate.type.BasicTypeRegistry     : Adding type registration materialized_clob -> org.hibernate.type.BasicTypeReference@8eb6f9a
2024-03-08T14:51:55.452+09:00 DEBUG 4914 --- [    Test worker] org.hibernate.type.BasicTypeRegistry     : Adding type registration materialized_clob_char_array -> org.hibernate.type.BasicTypeReference@29170a47
2024-03-08T14:51:55.452+09:00 DEBUG 4914 --- [    Test worker] org.hibernate.type.BasicTypeRegistry     : Adding type registration materialized_clob_character_array -> org.hibernate.type.BasicTypeReference@2a8f8555
2024-03-08T14:51:55.452+09:00 DEBUG 4914 --- [    Test worker] org.hibernate.type.BasicTypeRegistry     : Adding type registration materialized_nclob -> org.hibernate.type.BasicTypeReference@402b4f81
2024-03-08T14:51:55.452+09:00 DEBUG 4914 --- [    Test worker] org.hibernate.type.BasicTypeRegistry     : Adding type registration materialized_nclob_character_array -> org.hibernate.type.BasicTypeReference@13ef7fa1
2024-03-08T14:51:55.452+09:00 DEBUG 4914 --- [    Test worker] org.hibernate.type.BasicTypeRegistry     : Adding type registration materialized_nclob_char_array -> org.hibernate.type.BasicTypeReference@23b1aa9
2024-03-08T14:51:55.452+09:00 DEBUG 4914 --- [    Test worker] org.hibernate.type.BasicTypeRegistry     : Adding type registration Duration -> org.hibernate.type.BasicTypeReference@54489296
2024-03-08T14:51:55.453+09:00 DEBUG 4914 --- [    Test worker] org.hibernate.type.BasicTypeRegistry     : Adding type registration java.time.Duration -> org.hibernate.type.BasicTypeReference@54489296
2024-03-08T14:51:55.453+09:00 DEBUG 4914 --- [    Test worker] org.hibernate.type.BasicTypeRegistry     : Adding type registration LocalDateTime -> org.hibernate.type.BasicTypeReference@4e8598d9
2024-03-08T14:51:55.453+09:00 DEBUG 4914 --- [    Test worker] org.hibernate.type.BasicTypeRegistry     : Adding type registration java.time.LocalDateTime -> org.hibernate.type.BasicTypeReference@4e8598d9
2024-03-08T14:51:55.453+09:00 DEBUG 4914 --- [    Test worker] org.hibernate.type.BasicTypeRegistry     : Adding type registration LocalDate -> org.hibernate.type.BasicTypeReference@267ff4df
2024-03-08T14:51:55.453+09:00 DEBUG 4914 --- [    Test worker] org.hibernate.type.BasicTypeRegistry     : Adding type registration java.time.LocalDate -> org.hibernate.type.BasicTypeReference@267ff4df
2024-03-08T14:51:55.453+09:00 DEBUG 4914 --- [    Test worker] org.hibernate.type.BasicTypeRegistry     : Adding type registration LocalTime -> org.hibernate.type.BasicTypeReference@7c4b5ceb
2024-03-08T14:51:55.453+09:00 DEBUG 4914 --- [    Test worker] org.hibernate.type.BasicTypeRegistry     : Adding type registration java.time.LocalTime -> org.hibernate.type.BasicTypeReference@7c4b5ceb
2024-03-08T14:51:55.453+09:00 DEBUG 4914 --- [    Test worker] org.hibernate.type.BasicTypeRegistry     : Adding type registration OffsetDateTime -> org.hibernate.type.BasicTypeReference@6c07add6
2024-03-08T14:51:55.453+09:00 DEBUG 4914 --- [    Test worker] org.hibernate.type.BasicTypeRegistry     : Adding type registration java.time.OffsetDateTime -> org.hibernate.type.BasicTypeReference@6c07add6
2024-03-08T14:51:55.453+09:00 DEBUG 4914 --- [    Test worker] org.hibernate.type.BasicTypeRegistry     : Adding type registration OffsetDateTimeWithTimezone -> org.hibernate.type.BasicTypeReference@e26a3df
2024-03-08T14:51:55.453+09:00 DEBUG 4914 --- [    Test worker] org.hibernate.type.BasicTypeRegistry     : Adding type registration OffsetDateTimeWithoutTimezone -> org.hibernate.type.BasicTypeReference@57a667c8
2024-03-08T14:51:55.453+09:00 DEBUG 4914 --- [    Test worker] org.hibernate.type.BasicTypeRegistry     : Adding type registration OffsetTime -> org.hibernate.type.BasicTypeReference@712cd5d3
2024-03-08T14:51:55.453+09:00 DEBUG 4914 --- [    Test worker] org.hibernate.type.BasicTypeRegistry     : Adding type registration java.time.OffsetTime -> org.hibernate.type.BasicTypeReference@712cd5d3
2024-03-08T14:51:55.453+09:00 DEBUG 4914 --- [    Test worker] org.hibernate.type.BasicTypeRegistry     : Adding type registration OffsetTimeUtc -> org.hibernate.type.BasicTypeReference@2094bf3d
2024-03-08T14:51:55.453+09:00 DEBUG 4914 --- [    Test worker] org.hibernate.type.BasicTypeRegistry     : Adding type registration OffsetTimeWithTimezone -> org.hibernate.type.BasicTypeReference@1b17d8ab
2024-03-08T14:51:55.453+09:00 DEBUG 4914 --- [    Test worker] org.hibernate.type.BasicTypeRegistry     : Adding type registration OffsetTimeWithoutTimezone -> org.hibernate.type.BasicTypeReference@7f6b7426
2024-03-08T14:51:55.453+09:00 DEBUG 4914 --- [    Test worker] org.hibernate.type.BasicTypeRegistry     : Adding type registration ZonedDateTime -> org.hibernate.type.BasicTypeReference@687eb455
2024-03-08T14:51:55.453+09:00 DEBUG 4914 --- [    Test worker] org.hibernate.type.BasicTypeRegistry     : Adding type registration java.time.ZonedDateTime -> org.hibernate.type.BasicTypeReference@687eb455
2024-03-08T14:51:55.453+09:00 DEBUG 4914 --- [    Test worker] org.hibernate.type.BasicTypeRegistry     : Adding type registration ZonedDateTimeWithTimezone -> org.hibernate.type.BasicTypeReference@6d969330
2024-03-08T14:51:55.453+09:00 DEBUG 4914 --- [    Test worker] org.hibernate.type.BasicTypeRegistry     : Adding type registration ZonedDateTimeWithoutTimezone -> org.hibernate.type.BasicTypeReference@4861cca9
2024-03-08T14:51:55.453+09:00 DEBUG 4914 --- [    Test worker] org.hibernate.type.BasicTypeRegistry     : Adding type registration date -> org.hibernate.type.BasicTypeReference@6c8f4bc7
2024-03-08T14:51:55.453+09:00 DEBUG 4914 --- [    Test worker] org.hibernate.type.BasicTypeRegistry     : Adding type registration java.sql.Date -> org.hibernate.type.BasicTypeReference@6c8f4bc7
2024-03-08T14:51:55.453+09:00 DEBUG 4914 --- [    Test worker] org.hibernate.type.BasicTypeRegistry     : Adding type registration time -> org.hibernate.type.BasicTypeReference@714e861f
2024-03-08T14:51:55.453+09:00 DEBUG 4914 --- [    Test worker] org.hibernate.type.BasicTypeRegistry     : Adding type registration java.sql.Time -> org.hibernate.type.BasicTypeReference@714e861f
2024-03-08T14:51:55.453+09:00 DEBUG 4914 --- [    Test worker] org.hibernate.type.BasicTypeRegistry     : Adding type registration timestamp -> org.hibernate.type.BasicTypeReference@28989415
2024-03-08T14:51:55.453+09:00 DEBUG 4914 --- [    Test worker] org.hibernate.type.BasicTypeRegistry     : Adding type registration java.sql.Timestamp -> org.hibernate.type.BasicTypeReference@28989415
2024-03-08T14:51:55.454+09:00 DEBUG 4914 --- [    Test worker] org.hibernate.type.BasicTypeRegistry     : Adding type registration java.util.Date -> org.hibernate.type.BasicTypeReference@28989415
2024-03-08T14:51:55.454+09:00 DEBUG 4914 --- [    Test worker] org.hibernate.type.BasicTypeRegistry     : Adding type registration calendar -> org.hibernate.type.BasicTypeReference@6eda012b
2024-03-08T14:51:55.454+09:00 DEBUG 4914 --- [    Test worker] org.hibernate.type.BasicTypeRegistry     : Adding type registration java.util.Calendar -> org.hibernate.type.BasicTypeReference@6eda012b
2024-03-08T14:51:55.454+09:00 DEBUG 4914 --- [    Test worker] org.hibernate.type.BasicTypeRegistry     : Adding type registration java.util.GregorianCalendar -> org.hibernate.type.BasicTypeReference@6eda012b
2024-03-08T14:51:55.454+09:00 DEBUG 4914 --- [    Test worker] org.hibernate.type.BasicTypeRegistry     : Adding type registration calendar_date -> org.hibernate.type.BasicTypeReference@781dbe44
2024-03-08T14:51:55.454+09:00 DEBUG 4914 --- [    Test worker] org.hibernate.type.BasicTypeRegistry     : Adding type registration calendar_time -> org.hibernate.type.BasicTypeReference@7d66a126
2024-03-08T14:51:55.454+09:00 DEBUG 4914 --- [    Test worker] org.hibernate.type.BasicTypeRegistry     : Adding type registration instant -> org.hibernate.type.BasicTypeReference@1132baa3
2024-03-08T14:51:55.454+09:00 DEBUG 4914 --- [    Test worker] org.hibernate.type.BasicTypeRegistry     : Adding type registration java.time.Instant -> org.hibernate.type.BasicTypeReference@1132baa3
2024-03-08T14:51:55.454+09:00 DEBUG 4914 --- [    Test worker] org.hibernate.type.BasicTypeRegistry     : Adding type registration uuid -> org.hibernate.type.BasicTypeReference@2fdf22f7
2024-03-08T14:51:55.454+09:00 DEBUG 4914 --- [    Test worker] org.hibernate.type.BasicTypeRegistry     : Adding type registration java.util.UUID -> org.hibernate.type.BasicTypeReference@2fdf22f7
2024-03-08T14:51:55.454+09:00 DEBUG 4914 --- [    Test worker] org.hibernate.type.BasicTypeRegistry     : Adding type registration pg-uuid -> org.hibernate.type.BasicTypeReference@2fdf22f7
2024-03-08T14:51:55.454+09:00 DEBUG 4914 --- [    Test worker] org.hibernate.type.BasicTypeRegistry     : Adding type registration uuid-binary -> org.hibernate.type.BasicTypeReference@3a2546d6
2024-03-08T14:51:55.454+09:00 DEBUG 4914 --- [    Test worker] org.hibernate.type.BasicTypeRegistry     : Adding type registration uuid-char -> org.hibernate.type.BasicTypeReference@7282af25
2024-03-08T14:51:55.454+09:00 DEBUG 4914 --- [    Test worker] org.hibernate.type.BasicTypeRegistry     : Adding type registration class -> org.hibernate.type.BasicTypeReference@7661e474
2024-03-08T14:51:55.454+09:00 DEBUG 4914 --- [    Test worker] org.hibernate.type.BasicTypeRegistry     : Adding type registration java.lang.Class -> org.hibernate.type.BasicTypeReference@7661e474
2024-03-08T14:51:55.454+09:00 DEBUG 4914 --- [    Test worker] org.hibernate.type.BasicTypeRegistry     : Adding type registration currency -> org.hibernate.type.BasicTypeReference@20ffb8d5
2024-03-08T14:51:55.454+09:00 DEBUG 4914 --- [    Test worker] org.hibernate.type.BasicTypeRegistry     : Adding type registration Currency -> org.hibernate.type.BasicTypeReference@20ffb8d5
2024-03-08T14:51:55.454+09:00 DEBUG 4914 --- [    Test worker] org.hibernate.type.BasicTypeRegistry     : Adding type registration java.util.Currency -> org.hibernate.type.BasicTypeReference@20ffb8d5
2024-03-08T14:51:55.454+09:00 DEBUG 4914 --- [    Test worker] org.hibernate.type.BasicTypeRegistry     : Adding type registration locale -> org.hibernate.type.BasicTypeReference@307c59ea
2024-03-08T14:51:55.454+09:00 DEBUG 4914 --- [    Test worker] org.hibernate.type.BasicTypeRegistry     : Adding type registration java.util.Locale -> org.hibernate.type.BasicTypeReference@307c59ea
2024-03-08T14:51:55.454+09:00 DEBUG 4914 --- [    Test worker] org.hibernate.type.BasicTypeRegistry     : Adding type registration serializable -> org.hibernate.type.BasicTypeReference@57e03347
2024-03-08T14:51:55.454+09:00 DEBUG 4914 --- [    Test worker] org.hibernate.type.BasicTypeRegistry     : Adding type registration java.io.Serializable -> org.hibernate.type.BasicTypeReference@57e03347
2024-03-08T14:51:55.454+09:00 DEBUG 4914 --- [    Test worker] org.hibernate.type.BasicTypeRegistry     : Adding type registration timezone -> org.hibernate.type.BasicTypeReference@2edb2f8b
2024-03-08T14:51:55.454+09:00 DEBUG 4914 --- [    Test worker] org.hibernate.type.BasicTypeRegistry     : Adding type registration java.util.TimeZone -> org.hibernate.type.BasicTypeReference@2edb2f8b
2024-03-08T14:51:55.454+09:00 DEBUG 4914 --- [    Test worker] org.hibernate.type.BasicTypeRegistry     : Adding type registration ZoneOffset -> org.hibernate.type.BasicTypeReference@733f1395
2024-03-08T14:51:55.455+09:00 DEBUG 4914 --- [    Test worker] org.hibernate.type.BasicTypeRegistry     : Adding type registration java.time.ZoneOffset -> org.hibernate.type.BasicTypeReference@733f1395
2024-03-08T14:51:55.455+09:00 DEBUG 4914 --- [    Test worker] org.hibernate.type.BasicTypeRegistry     : Adding type registration url -> org.hibernate.type.BasicTypeReference@21dea711
2024-03-08T14:51:55.455+09:00 DEBUG 4914 --- [    Test worker] org.hibernate.type.BasicTypeRegistry     : Adding type registration java.net.URL -> org.hibernate.type.BasicTypeReference@21dea711
2024-03-08T14:51:55.455+09:00 DEBUG 4914 --- [    Test worker] org.hibernate.type.BasicTypeRegistry     : Adding type registration vector -> org.hibernate.type.BasicTypeReference@7772d266
2024-03-08T14:51:55.455+09:00 DEBUG 4914 --- [    Test worker] org.hibernate.type.BasicTypeRegistry     : Adding type registration row_version -> org.hibernate.type.BasicTypeReference@a21c74
2024-03-08T14:51:55.457+09:00 DEBUG 4914 --- [    Test worker] org.hibernate.type.BasicTypeRegistry     : Adding type registration object -> org.hibernate.type.JavaObjectType@52aa7742
2024-03-08T14:51:55.458+09:00 DEBUG 4914 --- [    Test worker] org.hibernate.type.BasicTypeRegistry     : Adding type registration java.lang.Object -> org.hibernate.type.JavaObjectType@52aa7742
2024-03-08T14:51:55.458+09:00 DEBUG 4914 --- [    Test worker] org.hibernate.type.BasicTypeRegistry     : Adding type registration null -> org.hibernate.type.NullType@6537ac
2024-03-08T14:51:55.458+09:00 DEBUG 4914 --- [    Test worker] org.hibernate.type.BasicTypeRegistry     : Adding type registration imm_date -> org.hibernate.type.BasicTypeReference@3b218c74
2024-03-08T14:51:55.458+09:00 DEBUG 4914 --- [    Test worker] org.hibernate.type.BasicTypeRegistry     : Adding type registration imm_time -> org.hibernate.type.BasicTypeReference@ddffa6c
2024-03-08T14:51:55.458+09:00 DEBUG 4914 --- [    Test worker] org.hibernate.type.BasicTypeRegistry     : Adding type registration imm_timestamp -> org.hibernate.type.BasicTypeReference@42c54bad
2024-03-08T14:51:55.458+09:00 DEBUG 4914 --- [    Test worker] org.hibernate.type.BasicTypeRegistry     : Adding type registration imm_calendar -> org.hibernate.type.BasicTypeReference@6bb4cc0e
2024-03-08T14:51:55.458+09:00 DEBUG 4914 --- [    Test worker] org.hibernate.type.BasicTypeRegistry     : Adding type registration imm_calendar_date -> org.hibernate.type.BasicTypeReference@5cc1bf20
2024-03-08T14:51:55.458+09:00 DEBUG 4914 --- [    Test worker] org.hibernate.type.BasicTypeRegistry     : Adding type registration imm_calendar_time -> org.hibernate.type.BasicTypeReference@2e3f324e
2024-03-08T14:51:55.458+09:00 DEBUG 4914 --- [    Test worker] org.hibernate.type.BasicTypeRegistry     : Adding type registration imm_binary -> org.hibernate.type.BasicTypeReference@46cf8c07
2024-03-08T14:51:55.458+09:00 DEBUG 4914 --- [    Test worker] org.hibernate.type.BasicTypeRegistry     : Adding type registration imm_serializable -> org.hibernate.type.BasicTypeReference@b56ec6c
2024-03-08T14:51:55.543+09:00  INFO 4914 --- [    Test worker] o.s.o.j.p.SpringPersistenceUnitInfo      : No LoadTimeWeaver setup: ignoring JPA class transformer
2024-03-08T14:51:55.614+09:00 DEBUG 4914 --- [    Test worker] o.h.t.d.sql.spi.DdlTypeRegistry          : addDescriptor(12, org.hibernate.type.descriptor.sql.internal.CapacityDependentDdlType@4b5798c2) replaced previous registration(org.hibernate.type.descriptor.sql.internal.CapacityDependentDdlType@7540160e)
2024-03-08T14:51:55.614+09:00 DEBUG 4914 --- [    Test worker] o.h.t.d.sql.spi.DdlTypeRegistry          : addDescriptor(-9, org.hibernate.type.descriptor.sql.internal.CapacityDependentDdlType@71039ce1) replaced previous registration(org.hibernate.type.descriptor.sql.internal.CapacityDependentDdlType@3348c987)
2024-03-08T14:51:55.614+09:00 DEBUG 4914 --- [    Test worker] o.h.t.d.sql.spi.DdlTypeRegistry          : addDescriptor(-3, org.hibernate.type.descriptor.sql.internal.CapacityDependentDdlType@44aed6a4) replaced previous registration(org.hibernate.type.descriptor.sql.internal.CapacityDependentDdlType@31ab4859)
2024-03-08T14:51:55.614+09:00 DEBUG 4914 --- [    Test worker] o.h.t.d.sql.spi.DdlTypeRegistry          : addDescriptor(4003, org.hibernate.type.descriptor.sql.internal.DdlTypeImpl@5ca22e19) replaced previous registration(org.hibernate.type.descriptor.sql.internal.DdlTypeImpl@29d3d0fb)
2024-03-08T14:51:55.615+09:00 DEBUG 4914 --- [    Test worker] o.h.t.d.sql.spi.DdlTypeRegistry          : addDescriptor(4001, org.hibernate.type.descriptor.sql.internal.DdlTypeImpl@1bfa3893) replaced previous registration(org.hibernate.type.descriptor.sql.internal.DdlTypeImpl@70f85235)
2024-03-08T14:51:55.615+09:00 DEBUG 4914 --- [    Test worker] o.h.t.d.sql.spi.DdlTypeRegistry          : addDescriptor(4002, org.hibernate.type.descriptor.sql.internal.DdlTypeImpl@3d6778d5) replaced previous registration(org.hibernate.type.descriptor.sql.internal.DdlTypeImpl@a84338a)
2024-03-08T14:51:55.615+09:00 DEBUG 4914 --- [    Test worker] o.h.t.d.sql.spi.DdlTypeRegistry          : addDescriptor(2004, org.hibernate.type.descriptor.sql.internal.CapacityDependentDdlType@4070ace9) replaced previous registration(org.hibernate.type.descriptor.sql.internal.DdlTypeImpl@722b2728)
2024-03-08T14:51:55.615+09:00 DEBUG 4914 --- [    Test worker] o.h.t.d.sql.spi.DdlTypeRegistry          : addDescriptor(2005, org.hibernate.type.descriptor.sql.internal.CapacityDependentDdlType@740c4868) replaced previous registration(org.hibernate.type.descriptor.sql.internal.DdlTypeImpl@5f3f3d00)
2024-03-08T14:51:55.615+09:00 DEBUG 4914 --- [    Test worker] o.h.t.d.sql.spi.DdlTypeRegistry          : addDescriptor(2011, org.hibernate.type.descriptor.sql.internal.CapacityDependentDdlType@1a6dc5ea) replaced previous registration(org.hibernate.type.descriptor.sql.internal.DdlTypeImpl@31d4b3e8)
2024-03-08T14:51:55.616+09:00 DEBUG 4914 --- [    Test worker] o.h.t.d.jdbc.spi.JdbcTypeRegistry        : addDescriptor(NCharTypeDescriptor) replaced previous registration(CharTypeDescriptor)
2024-03-08T14:51:55.616+09:00 DEBUG 4914 --- [    Test worker] o.h.t.d.jdbc.spi.JdbcTypeRegistry        : addDescriptor(NVarcharTypeDescriptor) replaced previous registration(VarcharTypeDescriptor)
2024-03-08T14:51:55.616+09:00 DEBUG 4914 --- [    Test worker] o.h.t.d.jdbc.spi.JdbcTypeRegistry        : addDescriptor(LongNVarcharTypeDescriptor) replaced previous registration(LongVarcharTypeDescriptor)
2024-03-08T14:51:55.617+09:00 DEBUG 4914 --- [    Test worker] o.h.t.d.jdbc.spi.JdbcTypeRegistry        : addDescriptor(NClobTypeDescriptor(DEFAULT)) replaced previous registration(ClobTypeDescriptor(DEFAULT))
2024-03-08T14:51:55.617+09:00 DEBUG 4914 --- [    Test worker] o.h.t.d.jdbc.spi.JdbcTypeRegistry        : addDescriptor(2005, ClobTypeDescriptor(STREAM_BINDING)) replaced previous registration(ClobTypeDescriptor(DEFAULT))
2024-03-08T14:51:55.618+09:00 DEBUG 4914 --- [    Test worker] org.hibernate.type.BasicTypeRegistry     : Adding type registration null -> org.hibernate.type.NullType@7e2c6fd6
2024-03-08T14:51:55.618+09:00 DEBUG 4914 --- [    Test worker] org.hibernate.type.BasicTypeRegistry     : Type registration key [null] overrode previous entry : `org.hibernate.type.NullType@6537ac`
2024-03-08T14:51:55.620+09:00 DEBUG 4914 --- [    Test worker] org.hibernate.type.BasicTypeRegistry     : Adding type registration org.hibernate.type.DurationType -> basicType@1(java.time.Duration,2)
2024-03-08T14:51:55.620+09:00 DEBUG 4914 --- [    Test worker] org.hibernate.type.BasicTypeRegistry     : Adding type registration Duration -> basicType@1(java.time.Duration,2)
2024-03-08T14:51:55.620+09:00 DEBUG 4914 --- [    Test worker] org.hibernate.type.BasicTypeRegistry     : Adding type registration java.time.Duration -> basicType@1(java.time.Duration,2)
2024-03-08T14:51:55.621+09:00 DEBUG 4914 --- [    Test worker] org.hibernate.type.BasicTypeRegistry     : Adding type registration org.hibernate.type.OffsetDateTimeType -> basicType@2(java.time.OffsetDateTime,3003)
2024-03-08T14:51:55.621+09:00 DEBUG 4914 --- [    Test worker] org.hibernate.type.BasicTypeRegistry     : Adding type registration OffsetDateTime -> basicType@2(java.time.OffsetDateTime,3003)
2024-03-08T14:51:55.621+09:00 DEBUG 4914 --- [    Test worker] org.hibernate.type.BasicTypeRegistry     : Adding type registration java.time.OffsetDateTime -> basicType@2(java.time.OffsetDateTime,3003)
2024-03-08T14:51:55.622+09:00 DEBUG 4914 --- [    Test worker] org.hibernate.type.BasicTypeRegistry     : Adding type registration org.hibernate.type.ZonedDateTimeType -> basicType@3(java.time.ZonedDateTime,3003)
2024-03-08T14:51:55.622+09:00 DEBUG 4914 --- [    Test worker] org.hibernate.type.BasicTypeRegistry     : Adding type registration ZonedDateTime -> basicType@3(java.time.ZonedDateTime,3003)
2024-03-08T14:51:55.622+09:00 DEBUG 4914 --- [    Test worker] org.hibernate.type.BasicTypeRegistry     : Adding type registration java.time.ZonedDateTime -> basicType@3(java.time.ZonedDateTime,3003)
2024-03-08T14:51:55.622+09:00 DEBUG 4914 --- [    Test worker] org.hibernate.type.BasicTypeRegistry     : Adding type registration org.hibernate.type.OffsetTimeType -> basicType@4(java.time.OffsetTime,3007)
2024-03-08T14:51:55.622+09:00 DEBUG 4914 --- [    Test worker] org.hibernate.type.BasicTypeRegistry     : Adding type registration OffsetTime -> basicType@4(java.time.OffsetTime,3007)
2024-03-08T14:51:55.622+09:00 DEBUG 4914 --- [    Test worker] org.hibernate.type.BasicTypeRegistry     : Adding type registration java.time.OffsetTime -> basicType@4(java.time.OffsetTime,3007)
2024-03-08T14:51:55.623+09:00 DEBUG 4914 --- [    Test worker] o.h.type.spi.TypeConfiguration$Scope     : Scoping TypeConfiguration [org.hibernate.type.spi.TypeConfiguration@4d8056bf] to MetadataBuildingContext [org.hibernate.boot.internal.MetadataBuildingContextRootImpl@42211e04]
2024-03-08T14:51:55.944+09:00  INFO 4914 --- [    Test worker] o.h.e.t.j.p.i.JtaPlatformInitiator       : HHH000489: No JTA platform available (set 'hibernate.transaction.jta.platform' to enable JTA platform integration)
2024-03-08T14:51:55.944+09:00 DEBUG 4914 --- [    Test worker] o.h.type.spi.TypeConfiguration$Scope     : Scoping TypeConfiguration [org.hibernate.type.spi.TypeConfiguration@4d8056bf] to SessionFactoryImplementor [org.hibernate.internal.SessionFactoryImpl@795131d6]
2024-03-08T14:51:55.996+09:00 TRACE 4914 --- [    Test worker] o.h.type.spi.TypeConfiguration$Scope     : Handling #sessionFactoryCreated from [org.hibernate.internal.SessionFactoryImpl@795131d6] for TypeConfiguration
2024-03-08T14:51:55.996+09:00  INFO 4914 --- [    Test worker] j.LocalContainerEntityManagerFactoryBean : Initialized JPA EntityManagerFactory for persistence unit 'default'
2024-03-08T14:51:55.998+09:00  WARN 4914 --- [    Test worker] trationDelegate$BeanPostProcessorChecker : Bean 'entityManagerFactory' of type [org.springframework.orm.jpa.LocalContainerEntityManagerFactoryBean] is not eligible for getting processed by all BeanPostProcessors (for example: not eligible for auto-proxying). Is this bean getting eagerly injected into a currently created BeanPostProcessor [jobRegistryBeanPostProcessor]? Check the corresponding BeanPostProcessor declaration and its dependencies.
2024-03-08T14:51:55.998+09:00  WARN 4914 --- [    Test worker] trationDelegate$BeanPostProcessorChecker : Bean 'entityManagerFactory' of type [jdk.proxy3.$Proxy93] is not eligible for getting processed by all BeanPostProcessors (for example: not eligible for auto-proxying). Is this bean getting eagerly injected into a currently created BeanPostProcessor [jobRegistryBeanPostProcessor]? Check the corresponding BeanPostProcessor declaration and its dependencies.
2024-03-08T14:51:55.999+09:00  WARN 4914 --- [    Test worker] trationDelegate$BeanPostProcessorChecker : Bean 'transactionManager' of type [org.springframework.orm.jpa.JpaTransactionManager] is not eligible for getting processed by all BeanPostProcessors (for example: not eligible for auto-proxying). Is this bean getting eagerly injected into a currently created BeanPostProcessor [jobRegistryBeanPostProcessor]? Check the corresponding BeanPostProcessor declaration and its dependencies.
2024-03-08T14:51:56.001+09:00  WARN 4914 --- [    Test worker] trationDelegate$BeanPostProcessorChecker : Bean 'org.springframework.boot.autoconfigure.batch.BatchAutoConfiguration$SpringBootBatchConfiguration' of type [org.springframework.boot.autoconfigure.batch.BatchAutoConfiguration$SpringBootBatchConfiguration] is not eligible for getting processed by all BeanPostProcessors (for example: not eligible for auto-proxying). The currently created BeanPostProcessor [jobRegistryBeanPostProcessor] is declared through a non-static factory method on that class; consider declaring it as static instead.
2024-03-08T14:51:56.046+09:00  INFO 4914 --- [    Test worker] .s.s.b.j.j.QueryDSLPagingReaderJobConfig : ------------------ Init customerJpaPagingStep -----------------
2024-03-08T14:51:56.063+09:00  INFO 4914 --- [    Test worker] .s.s.b.j.j.QueryDSLPagingReaderJobConfig : ------------------ Init customerJpaPagingJob -----------------
2024-03-08T14:51:56.134+09:00  INFO 4914 --- [    Test worker] c.s.s.b.BatchSampleApplicationTests      : Started BatchSampleApplicationTests in 1.734 seconds (process running for 2.413)
2024-03-08T14:51:56.136+09:00  INFO 4914 --- [    Test worker] o.s.b.a.b.JobLauncherApplicationRunner   : Running default command line with: []
2024-03-08T14:51:56.222+09:00  INFO 4914 --- [    Test worker] o.s.b.c.l.support.SimpleJobLauncher      : Job: [SimpleJob: [name=QUERYDSL_PAGING_CHUNK_JOB]] launched with the following parameters: [{'run.id':'{value=1, type=class java.lang.Long, identifying=true}'}]
2024-03-08T14:51:56.250+09:00  INFO 4914 --- [    Test worker] o.s.batch.core.job.SimpleStepHandler     : Executing step: [customerJpaPagingStep]
2024-03-08T14:51:56.269+09:00 ERROR 4914 --- [    Test worker] o.s.batch.core.step.AbstractStep         : Encountered an error executing step customerJpaPagingStep in job QUERYDSL_PAGING_CHUNK_JOB

java.lang.NullPointerException: Cannot invoke "java.util.List.clear()" because "this.results" is null
	at com.schooldevops.springbatch.batchsample.jobs.jpa.reader.QuerydslPagingItemReader.doReadPage(QuerydslPagingItemReader.java:38) ~[main/:na]
	at org.springframework.batch.item.database.AbstractPagingItemReader.doRead(AbstractPagingItemReader.java:115) ~[spring-batch-infrastructure-5.1.0.jar:5.1.0]
	at org.springframework.batch.item.support.AbstractItemCountingItemStreamItemReader.read(AbstractItemCountingItemStreamItemReader.java:93) ~[spring-batch-infrastructure-5.1.0.jar:5.1.0]
	at org.springframework.batch.core.step.item.SimpleChunkProvider.doRead(SimpleChunkProvider.java:108) ~[spring-batch-core-5.1.0.jar:5.1.0]
	at org.springframework.batch.core.step.item.SimpleChunkProvider.read(SimpleChunkProvider.java:182) ~[spring-batch-core-5.1.0.jar:5.1.0]
	at org.springframework.batch.core.step.item.SimpleChunkProvider.lambda$provide$0(SimpleChunkProvider.java:132) ~[spring-batch-core-5.1.0.jar:5.1.0]
	at org.springframework.batch.repeat.support.RepeatTemplate.getNextResult(RepeatTemplate.java:369) ~[spring-batch-infrastructure-5.1.0.jar:5.1.0]
	at org.springframework.batch.repeat.support.RepeatTemplate.executeInternal(RepeatTemplate.java:206) ~[spring-batch-infrastructure-5.1.0.jar:5.1.0]
	at org.springframework.batch.repeat.support.RepeatTemplate.iterate(RepeatTemplate.java:140) ~[spring-batch-infrastructure-5.1.0.jar:5.1.0]
	at org.springframework.batch.core.step.item.SimpleChunkProvider.provide(SimpleChunkProvider.java:127) ~[spring-batch-core-5.1.0.jar:5.1.0]
	at org.springframework.batch.core.step.item.ChunkOrientedTasklet.execute(ChunkOrientedTasklet.java:69) ~[spring-batch-core-5.1.0.jar:5.1.0]
	at org.springframework.batch.core.step.tasklet.TaskletStep$ChunkTransactionCallback.doInTransaction(TaskletStep.java:388) ~[spring-batch-core-5.1.0.jar:5.1.0]
	at org.springframework.batch.core.step.tasklet.TaskletStep$ChunkTransactionCallback.doInTransaction(TaskletStep.java:312) ~[spring-batch-core-5.1.0.jar:5.1.0]
	at org.springframework.transaction.support.TransactionTemplate.execute(TransactionTemplate.java:140) ~[spring-tx-6.1.3.jar:6.1.3]
	at org.springframework.batch.core.step.tasklet.TaskletStep$2.doInChunkContext(TaskletStep.java:255) ~[spring-batch-core-5.1.0.jar:5.1.0]
	at org.springframework.batch.core.scope.context.StepContextRepeatCallback.doInIteration(StepContextRepeatCallback.java:82) ~[spring-batch-core-5.1.0.jar:5.1.0]
	at org.springframework.batch.repeat.support.RepeatTemplate.getNextResult(RepeatTemplate.java:369) ~[spring-batch-infrastructure-5.1.0.jar:5.1.0]
	at org.springframework.batch.repeat.support.RepeatTemplate.executeInternal(RepeatTemplate.java:206) ~[spring-batch-infrastructure-5.1.0.jar:5.1.0]
	at org.springframework.batch.repeat.support.RepeatTemplate.iterate(RepeatTemplate.java:140) ~[spring-batch-infrastructure-5.1.0.jar:5.1.0]
	at org.springframework.batch.core.step.tasklet.TaskletStep.doExecute(TaskletStep.java:240) ~[spring-batch-core-5.1.0.jar:5.1.0]
	at org.springframework.batch.core.step.AbstractStep.execute(AbstractStep.java:229) ~[spring-batch-core-5.1.0.jar:5.1.0]
	at org.springframework.batch.core.job.SimpleStepHandler.handleStep(SimpleStepHandler.java:153) ~[spring-batch-core-5.1.0.jar:5.1.0]
	at org.springframework.batch.core.job.AbstractJob.handleStep(AbstractJob.java:418) ~[spring-batch-core-5.1.0.jar:5.1.0]
	at org.springframework.batch.core.job.SimpleJob.doExecute(SimpleJob.java:132) ~[spring-batch-core-5.1.0.jar:5.1.0]
	at org.springframework.batch.core.job.AbstractJob.execute(AbstractJob.java:317) ~[spring-batch-core-5.1.0.jar:5.1.0]
	at org.springframework.batch.core.launch.support.SimpleJobLauncher$1.run(SimpleJobLauncher.java:157) ~[spring-batch-core-5.1.0.jar:5.1.0]
	at org.springframework.core.task.SyncTaskExecutor.execute(SyncTaskExecutor.java:50) ~[spring-core-6.1.3.jar:6.1.3]
	at org.springframework.batch.core.launch.support.SimpleJobLauncher.run(SimpleJobLauncher.java:148) ~[spring-batch-core-5.1.0.jar:5.1.0]
	at org.springframework.batch.core.launch.support.TaskExecutorJobLauncher.run(TaskExecutorJobLauncher.java:59) ~[spring-batch-core-5.1.0.jar:5.1.0]
	at org.springframework.boot.autoconfigure.batch.JobLauncherApplicationRunner.execute(JobLauncherApplicationRunner.java:210) ~[spring-boot-autoconfigure-3.2.2.jar:3.2.2]
	at org.springframework.boot.autoconfigure.batch.JobLauncherApplicationRunner.executeLocalJobs(JobLauncherApplicationRunner.java:194) ~[spring-boot-autoconfigure-3.2.2.jar:3.2.2]
	at org.springframework.boot.autoconfigure.batch.JobLauncherApplicationRunner.launchJobFromProperties(JobLauncherApplicationRunner.java:174) ~[spring-boot-autoconfigure-3.2.2.jar:3.2.2]
	at org.springframework.boot.autoconfigure.batch.JobLauncherApplicationRunner.run(JobLauncherApplicationRunner.java:169) ~[spring-boot-autoconfigure-3.2.2.jar:3.2.2]
	at org.springframework.boot.autoconfigure.batch.JobLauncherApplicationRunner.run(JobLauncherApplicationRunner.java:164) ~[spring-boot-autoconfigure-3.2.2.jar:3.2.2]
	at org.springframework.boot.SpringApplication.lambda$callRunner$4(SpringApplication.java:786) ~[spring-boot-3.2.2.jar:3.2.2]
	at org.springframework.util.function.ThrowingConsumer$1.acceptWithException(ThrowingConsumer.java:83) ~[spring-core-6.1.3.jar:6.1.3]
	at org.springframework.util.function.ThrowingConsumer.accept(ThrowingConsumer.java:60) ~[spring-core-6.1.3.jar:6.1.3]
	at org.springframework.util.function.ThrowingConsumer$1.accept(ThrowingConsumer.java:88) ~[spring-core-6.1.3.jar:6.1.3]
	at org.springframework.boot.SpringApplication.callRunner(SpringApplication.java:798) ~[spring-boot-3.2.2.jar:3.2.2]
	at org.springframework.boot.SpringApplication.callRunner(SpringApplication.java:786) ~[spring-boot-3.2.2.jar:3.2.2]
	at org.springframework.boot.SpringApplication.lambda$callRunners$3(SpringApplication.java:774) ~[spring-boot-3.2.2.jar:3.2.2]
	at java.base/java.util.stream.ForEachOps$ForEachOp$OfRef.accept(ForEachOps.java:183) ~[na:na]
	at java.base/java.util.stream.SortedOps$SizedRefSortingSink.end(SortedOps.java:357) ~[na:na]
	at java.base/java.util.stream.AbstractPipeline.copyInto(AbstractPipeline.java:510) ~[na:na]
	at java.base/java.util.stream.AbstractPipeline.wrapAndCopyInto(AbstractPipeline.java:499) ~[na:na]
	at java.base/java.util.stream.ForEachOps$ForEachOp.evaluateSequential(ForEachOps.java:150) ~[na:na]
	at java.base/java.util.stream.ForEachOps$ForEachOp$OfRef.evaluateSequential(ForEachOps.java:173) ~[na:na]
	at java.base/java.util.stream.AbstractPipeline.evaluate(AbstractPipeline.java:234) ~[na:na]
	at java.base/java.util.stream.ReferencePipeline.forEach(ReferencePipeline.java:596) ~[na:na]
	at org.springframework.boot.SpringApplication.callRunners(SpringApplication.java:774) ~[spring-boot-3.2.2.jar:3.2.2]
	at org.springframework.boot.SpringApplication.run(SpringApplication.java:341) ~[spring-boot-3.2.2.jar:3.2.2]
	at org.springframework.boot.test.context.SpringBootContextLoader.lambda$loadContext$3(SpringBootContextLoader.java:137) ~[spring-boot-test-3.2.2.jar:3.2.2]
	at org.springframework.util.function.ThrowingSupplier.get(ThrowingSupplier.java:58) ~[spring-core-6.1.3.jar:6.1.3]
	at org.springframework.util.function.ThrowingSupplier.get(ThrowingSupplier.java:46) ~[spring-core-6.1.3.jar:6.1.3]
	at org.springframework.boot.SpringApplication.withHook(SpringApplication.java:1454) ~[spring-boot-3.2.2.jar:3.2.2]
	at org.springframework.boot.test.context.SpringBootContextLoader$ContextLoaderHook.run(SpringBootContextLoader.java:552) ~[spring-boot-test-3.2.2.jar:3.2.2]
	at org.springframework.boot.test.context.SpringBootContextLoader.loadContext(SpringBootContextLoader.java:137) ~[spring-boot-test-3.2.2.jar:3.2.2]
	at org.springframework.boot.test.context.SpringBootContextLoader.loadContext(SpringBootContextLoader.java:108) ~[spring-boot-test-3.2.2.jar:3.2.2]
	at org.springframework.test.context.cache.DefaultCacheAwareContextLoaderDelegate.loadContextInternal(DefaultCacheAwareContextLoaderDelegate.java:225) ~[spring-test-6.1.3.jar:6.1.3]
	at org.springframework.test.context.cache.DefaultCacheAwareContextLoaderDelegate.loadContext(DefaultCacheAwareContextLoaderDelegate.java:152) ~[spring-test-6.1.3.jar:6.1.3]
	at org.springframework.test.context.support.DefaultTestContext.getApplicationContext(DefaultTestContext.java:130) ~[spring-test-6.1.3.jar:6.1.3]
	at org.springframework.test.context.support.DependencyInjectionTestExecutionListener.injectDependencies(DependencyInjectionTestExecutionListener.java:142) ~[spring-test-6.1.3.jar:6.1.3]
	at org.springframework.test.context.support.DependencyInjectionTestExecutionListener.prepareTestInstance(DependencyInjectionTestExecutionListener.java:98) ~[spring-test-6.1.3.jar:6.1.3]
	at org.springframework.test.context.TestContextManager.prepareTestInstance(TestContextManager.java:260) ~[spring-test-6.1.3.jar:6.1.3]
	at org.springframework.test.context.junit.jupiter.SpringExtension.postProcessTestInstance(SpringExtension.java:163) ~[spring-test-6.1.3.jar:6.1.3]
	at org.junit.jupiter.engine.descriptor.ClassBasedTestDescriptor.lambda$invokeTestInstancePostProcessors$10(ClassBasedTestDescriptor.java:378) ~[junit-jupiter-engine-5.10.1.jar:5.10.1]
	at org.junit.jupiter.engine.descriptor.ClassBasedTestDescriptor.executeAndMaskThrowable(ClassBasedTestDescriptor.java:383) ~[junit-jupiter-engine-5.10.1.jar:5.10.1]
	at org.junit.jupiter.engine.descriptor.ClassBasedTestDescriptor.lambda$invokeTestInstancePostProcessors$11(ClassBasedTestDescriptor.java:378) ~[junit-jupiter-engine-5.10.1.jar:5.10.1]
	at java.base/java.util.stream.ReferencePipeline$3$1.accept(ReferencePipeline.java:197) ~[na:na]
	at java.base/java.util.stream.ReferencePipeline$2$1.accept(ReferencePipeline.java:179) ~[na:na]
	at java.base/java.util.ArrayList$ArrayListSpliterator.forEachRemaining(ArrayList.java:1625) ~[na:na]
	at java.base/java.util.stream.AbstractPipeline.copyInto(AbstractPipeline.java:509) ~[na:na]
	at java.base/java.util.stream.AbstractPipeline.wrapAndCopyInto(AbstractPipeline.java:499) ~[na:na]
	at java.base/java.util.stream.StreamSpliterators$WrappingSpliterator.forEachRemaining(StreamSpliterators.java:310) ~[na:na]
	at java.base/java.util.stream.Streams$ConcatSpliterator.forEachRemaining(Streams.java:735) ~[na:na]
	at java.base/java.util.stream.Streams$ConcatSpliterator.forEachRemaining(Streams.java:734) ~[na:na]
	at java.base/java.util.stream.ReferencePipeline$Head.forEach(ReferencePipeline.java:762) ~[na:na]
	at org.junit.jupiter.engine.descriptor.ClassBasedTestDescriptor.invokeTestInstancePostProcessors(ClassBasedTestDescriptor.java:377) ~[junit-jupiter-engine-5.10.1.jar:5.10.1]
	at org.junit.jupiter.engine.descriptor.ClassBasedTestDescriptor.lambda$instantiateAndPostProcessTestInstance$6(ClassBasedTestDescriptor.java:290) ~[junit-jupiter-engine-5.10.1.jar:5.10.1]
	at org.junit.platform.engine.support.hierarchical.ThrowableCollector.execute(ThrowableCollector.java:73) ~[junit-platform-engine-1.10.1.jar:1.10.1]
	at org.junit.jupiter.engine.descriptor.ClassBasedTestDescriptor.instantiateAndPostProcessTestInstance(ClassBasedTestDescriptor.java:289) ~[junit-jupiter-engine-5.10.1.jar:5.10.1]
	at org.junit.jupiter.engine.descriptor.ClassBasedTestDescriptor.lambda$testInstancesProvider$4(ClassBasedTestDescriptor.java:279) ~[junit-jupiter-engine-5.10.1.jar:5.10.1]
	at java.base/java.util.Optional.orElseGet(Optional.java:364) ~[na:na]
	at org.junit.jupiter.engine.descriptor.ClassBasedTestDescriptor.lambda$testInstancesProvider$5(ClassBasedTestDescriptor.java:278) ~[junit-jupiter-engine-5.10.1.jar:5.10.1]
	at org.junit.jupiter.engine.execution.TestInstancesProvider.getTestInstances(TestInstancesProvider.java:31) ~[junit-jupiter-engine-5.10.1.jar:5.10.1]
	at org.junit.jupiter.engine.descriptor.TestMethodTestDescriptor.lambda$prepare$0(TestMethodTestDescriptor.java:106) ~[junit-jupiter-engine-5.10.1.jar:5.10.1]
	at org.junit.platform.engine.support.hierarchical.ThrowableCollector.execute(ThrowableCollector.java:73) ~[junit-platform-engine-1.10.1.jar:1.10.1]
	at org.junit.jupiter.engine.descriptor.TestMethodTestDescriptor.prepare(TestMethodTestDescriptor.java:105) ~[junit-jupiter-engine-5.10.1.jar:5.10.1]
	at org.junit.jupiter.engine.descriptor.TestMethodTestDescriptor.prepare(TestMethodTestDescriptor.java:69) ~[junit-jupiter-engine-5.10.1.jar:5.10.1]
	at org.junit.platform.engine.support.hierarchical.NodeTestTask.lambda$prepare$2(NodeTestTask.java:123) ~[junit-platform-engine-1.10.1.jar:1.10.1]
	at org.junit.platform.engine.support.hierarchical.ThrowableCollector.execute(ThrowableCollector.java:73) ~[junit-platform-engine-1.10.1.jar:1.10.1]
	at org.junit.platform.engine.support.hierarchical.NodeTestTask.prepare(NodeTestTask.java:123) ~[junit-platform-engine-1.10.1.jar:1.10.1]
	at org.junit.platform.engine.support.hierarchical.NodeTestTask.execute(NodeTestTask.java:90) ~[junit-platform-engine-1.10.1.jar:1.10.1]
	at java.base/java.util.ArrayList.forEach(ArrayList.java:1511) ~[na:na]
	at org.junit.platform.engine.support.hierarchical.SameThreadHierarchicalTestExecutorService.invokeAll(SameThreadHierarchicalTestExecutorService.java:41) ~[junit-platform-engine-1.10.1.jar:1.10.1]
	at org.junit.platform.engine.support.hierarchical.NodeTestTask.lambda$executeRecursively$6(NodeTestTask.java:155) ~[junit-platform-engine-1.10.1.jar:1.10.1]
	at org.junit.platform.engine.support.hierarchical.ThrowableCollector.execute(ThrowableCollector.java:73) ~[junit-platform-engine-1.10.1.jar:1.10.1]
	at org.junit.platform.engine.support.hierarchical.NodeTestTask.lambda$executeRecursively$8(NodeTestTask.java:141) ~[junit-platform-engine-1.10.1.jar:1.10.1]
	at org.junit.platform.engine.support.hierarchical.Node.around(Node.java:137) ~[junit-platform-engine-1.10.1.jar:1.10.1]
	at org.junit.platform.engine.support.hierarchical.NodeTestTask.lambda$executeRecursively$9(NodeTestTask.java:139) ~[junit-platform-engine-1.10.1.jar:1.10.1]
	at org.junit.platform.engine.support.hierarchical.ThrowableCollector.execute(ThrowableCollector.java:73) ~[junit-platform-engine-1.10.1.jar:1.10.1]
	at org.junit.platform.engine.support.hierarchical.NodeTestTask.executeRecursively(NodeTestTask.java:138) ~[junit-platform-engine-1.10.1.jar:1.10.1]
	at org.junit.platform.engine.support.hierarchical.NodeTestTask.execute(NodeTestTask.java:95) ~[junit-platform-engine-1.10.1.jar:1.10.1]
	at java.base/java.util.ArrayList.forEach(ArrayList.java:1511) ~[na:na]
	at org.junit.platform.engine.support.hierarchical.SameThreadHierarchicalTestExecutorService.invokeAll(SameThreadHierarchicalTestExecutorService.java:41) ~[junit-platform-engine-1.10.1.jar:1.10.1]
	at org.junit.platform.engine.support.hierarchical.NodeTestTask.lambda$executeRecursively$6(NodeTestTask.java:155) ~[junit-platform-engine-1.10.1.jar:1.10.1]
	at org.junit.platform.engine.support.hierarchical.ThrowableCollector.execute(ThrowableCollector.java:73) ~[junit-platform-engine-1.10.1.jar:1.10.1]
	at org.junit.platform.engine.support.hierarchical.NodeTestTask.lambda$executeRecursively$8(NodeTestTask.java:141) ~[junit-platform-engine-1.10.1.jar:1.10.1]
	at org.junit.platform.engine.support.hierarchical.Node.around(Node.java:137) ~[junit-platform-engine-1.10.1.jar:1.10.1]
	at org.junit.platform.engine.support.hierarchical.NodeTestTask.lambda$executeRecursively$9(NodeTestTask.java:139) ~[junit-platform-engine-1.10.1.jar:1.10.1]
	at org.junit.platform.engine.support.hierarchical.ThrowableCollector.execute(ThrowableCollector.java:73) ~[junit-platform-engine-1.10.1.jar:1.10.1]
	at org.junit.platform.engine.support.hierarchical.NodeTestTask.executeRecursively(NodeTestTask.java:138) ~[junit-platform-engine-1.10.1.jar:1.10.1]
	at org.junit.platform.engine.support.hierarchical.NodeTestTask.execute(NodeTestTask.java:95) ~[junit-platform-engine-1.10.1.jar:1.10.1]
	at org.junit.platform.engine.support.hierarchical.SameThreadHierarchicalTestExecutorService.submit(SameThreadHierarchicalTestExecutorService.java:35) ~[junit-platform-engine-1.10.1.jar:1.10.1]
	at org.junit.platform.engine.support.hierarchical.HierarchicalTestExecutor.execute(HierarchicalTestExecutor.java:57) ~[junit-platform-engine-1.10.1.jar:1.10.1]
	at org.junit.platform.engine.support.hierarchical.HierarchicalTestEngine.execute(HierarchicalTestEngine.java:54) ~[junit-platform-engine-1.10.1.jar:1.10.1]
	at org.junit.platform.launcher.core.EngineExecutionOrchestrator.execute(EngineExecutionOrchestrator.java:107) ~[junit-platform-launcher-1.8.2.jar:1.8.2]
	at org.junit.platform.launcher.core.EngineExecutionOrchestrator.execute(EngineExecutionOrchestrator.java:88) ~[junit-platform-launcher-1.8.2.jar:1.8.2]
	at org.junit.platform.launcher.core.EngineExecutionOrchestrator.lambda$execute$0(EngineExecutionOrchestrator.java:54) ~[junit-platform-launcher-1.8.2.jar:1.8.2]
	at org.junit.platform.launcher.core.EngineExecutionOrchestrator.withInterceptedStreams(EngineExecutionOrchestrator.java:67) ~[junit-platform-launcher-1.8.2.jar:1.8.2]
	at org.junit.platform.launcher.core.EngineExecutionOrchestrator.execute(EngineExecutionOrchestrator.java:52) ~[junit-platform-launcher-1.8.2.jar:1.8.2]
	at org.junit.platform.launcher.core.DefaultLauncher.execute(DefaultLauncher.java:114) ~[junit-platform-launcher-1.8.2.jar:1.8.2]
	at org.junit.platform.launcher.core.DefaultLauncher.execute(DefaultLauncher.java:86) ~[junit-platform-launcher-1.8.2.jar:1.8.2]
	at org.junit.platform.launcher.core.DefaultLauncherSession$DelegatingLauncher.execute(DefaultLauncherSession.java:86) ~[junit-platform-launcher-1.8.2.jar:1.8.2]
	at org.gradle.api.internal.tasks.testing.junitplatform.JUnitPlatformTestClassProcessor$CollectAllTestClassesExecutor.processAllTestClasses(JUnitPlatformTestClassProcessor.java:119) ~[na:na]
	at org.gradle.api.internal.tasks.testing.junitplatform.JUnitPlatformTestClassProcessor$CollectAllTestClassesExecutor.access$000(JUnitPlatformTestClassProcessor.java:94) ~[na:na]
	at org.gradle.api.internal.tasks.testing.junitplatform.JUnitPlatformTestClassProcessor.stop(JUnitPlatformTestClassProcessor.java:89) ~[na:na]
	at org.gradle.api.internal.tasks.testing.SuiteTestClassProcessor.stop(SuiteTestClassProcessor.java:62) ~[na:na]
	at java.base/jdk.internal.reflect.NativeMethodAccessorImpl.invoke0(Native Method) ~[na:na]
	at java.base/jdk.internal.reflect.NativeMethodAccessorImpl.invoke(NativeMethodAccessorImpl.java:77) ~[na:na]
	at java.base/jdk.internal.reflect.DelegatingMethodAccessorImpl.invoke(DelegatingMethodAccessorImpl.java:43) ~[na:na]
	at java.base/java.lang.reflect.Method.invoke(Method.java:568) ~[na:na]
	at org.gradle.internal.dispatch.ReflectionDispatch.dispatch(ReflectionDispatch.java:36) ~[na:na]
	at org.gradle.internal.dispatch.ReflectionDispatch.dispatch(ReflectionDispatch.java:24) ~[na:na]
	at org.gradle.internal.dispatch.ContextClassLoaderDispatch.dispatch(ContextClassLoaderDispatch.java:33) ~[na:na]
	at org.gradle.internal.dispatch.ProxyDispatchAdapter$DispatchingInvocationHandler.invoke(ProxyDispatchAdapter.java:94) ~[na:na]
	at jdk.proxy1/jdk.proxy1.$Proxy2.stop(Unknown Source) ~[na:na]
	at org.gradle.api.internal.tasks.testing.worker.TestWorker$3.run(TestWorker.java:193) ~[na:na]
	at org.gradle.api.internal.tasks.testing.worker.TestWorker.executeAndMaintainThreadName(TestWorker.java:129) ~[na:na]
	at org.gradle.api.internal.tasks.testing.worker.TestWorker.execute(TestWorker.java:100) ~[na:na]
	at org.gradle.api.internal.tasks.testing.worker.TestWorker.execute(TestWorker.java:60) ~[na:na]
	at org.gradle.process.internal.worker.child.ActionExecutionWorker.execute(ActionExecutionWorker.java:56) ~[na:na]
	at org.gradle.process.internal.worker.child.SystemApplicationClassLoaderWorker.call(SystemApplicationClassLoaderWorker.java:113) ~[na:na]
	at org.gradle.process.internal.worker.child.SystemApplicationClassLoaderWorker.call(SystemApplicationClassLoaderWorker.java:65) ~[na:na]
	at worker.org.gradle.process.internal.worker.GradleWorkerMain.run(GradleWorkerMain.java:69) ~[gradle-worker.jar:na]
	at worker.org.gradle.process.internal.worker.GradleWorkerMain.main(GradleWorkerMain.java:74) ~[gradle-worker.jar:na]

2024-03-08T14:51:56.275+09:00  INFO 4914 --- [    Test worker] o.s.batch.core.step.AbstractStep         : Step: [customerJpaPagingStep] executed in 24ms
2024-03-08T14:51:56.290+09:00  INFO 4914 --- [    Test worker] o.s.b.c.l.support.SimpleJobLauncher      : Job: [SimpleJob: [name=QUERYDSL_PAGING_CHUNK_JOB]] completed with the following parameters: [{'run.id':'{value=1, type=class java.lang.Long, identifying=true}'}] and the following status: [FAILED] in 55ms
]]></system-out>
  <system-err><![CDATA[]]></system-err>
</testsuite>
